<?xml version="1.0" encoding="UTF-8"?>
<!-- Generated by org.testng.reporters.JUnitReportReporter -->
<testsuite hostname="LAPTOP-RNK5APDU" failures="0" tests="1" name="guvi.TestScenarios.BookFlightTest" time="32.132" errors="0" timestamp="2023-04-15T19:37:04 IST" skipped="0">
  <testcase classname="guvi.TestScenarios.BookFlightTest" name="bookFlightforOneWay" time="32.132"/>
  <system-out/>
</testsuite> <!-- guvi.TestScenarios.BookFlightTest -->
