<?xml version="1.0" encoding="UTF-8"?>
<!-- Generated by org.testng.reporters.JUnitReportReporter -->
<testsuite hostname="LAPTOP-RNK5APDU" failures="0" tests="1" name="guvi.TestScenarios.OnewayTripTest" time="14.741" errors="0" timestamp="2023-04-16T14:39:20 IST" skipped="0">
  <testcase classname="guvi.TestScenarios.OnewayTripTest" name="SearchFlightOneWay" time="14.741"/>
  <system-out/>
</testsuite> <!-- guvi.TestScenarios.OnewayTripTest -->
