<?xml version="1.0" encoding="UTF-8"?>
<!-- Generated by org.testng.reporters.JUnitReportReporter -->
<testsuite hostname="LAPTOP-RNK5APDU" failures="0" tests="1" name="guvi.TestScenarios.BookFlightTwowayTripTest" time="67.007" errors="0" timestamp="2023-04-17T00:04:05 IST" skipped="0">
  <testcase classname="guvi.TestScenarios.BookFlightTwowayTripTest" name="selectFlightforBoarding" time="67.007"/>
  <system-out/>
</testsuite> <!-- guvi.TestScenarios.BookFlightTwowayTripTest -->
