<?xml version="1.0" encoding="UTF-8"?>
<!-- Generated by org.testng.reporters.JUnitReportReporter -->
<testsuite hostname="LAPTOP-RNK5APDU" failures="0" tests="1" name="guvi.TestScenarios.SelectandBookFlightTest" time="23.251" errors="0" timestamp="2023-04-14T13:17:02 IST" skipped="0">
  <testcase classname="guvi.TestScenarios.SelectandBookFlightTest" name="selectFlightforOneWay" time="23.251"/>
  <system-out/>
</testsuite> <!-- guvi.TestScenarios.SelectandBookFlightTest -->
