<?xml version="1.0" encoding="UTF-8"?>
<!-- Generated by org.testng.reporters.JUnitReportReporter -->
<testsuite hostname="LAPTOP-RNK5APDU" failures="0" tests="1" name="guvi.TestScenarios.TwowayTripPageTest" time="16.767" errors="0" timestamp="2023-04-16T14:45:57 IST" skipped="0">
  <testcase classname="guvi.TestScenarios.TwowayTripPageTest" name="SearchFlightOneWay" time="16.767"/>
  <system-out/>
</testsuite> <!-- guvi.TestScenarios.TwowayTripPageTest -->
