<?xml version="1.0" encoding="UTF-8"?>
<!-- Generated by org.testng.reporters.JUnitReportReporter -->
<testsuite hostname="LAPTOP-RNK5APDU" failures="0" tests="1" name="guvi.TestScenarios.SelectFlightTwowayTripTest" time="19.184" errors="0" timestamp="2023-04-16T16:13:29 IST" skipped="0">
  <testcase classname="guvi.TestScenarios.SelectFlightTwowayTripTest" name="selectFlightforBoarding" time="19.184"/>
  <system-out/>
</testsuite> <!-- guvi.TestScenarios.SelectFlightTwowayTripTest -->
