<?xml version="1.0" encoding="UTF-8"?>
<!-- Generated by org.testng.reporters.JUnitReportReporter -->
<testsuite hostname="LAPTOP-RNK5APDU" failures="0" tests="2" name="guvi.TestScenarios.LoginTest" time="24.996" errors="0" timestamp="2023-04-17T00:04:05 IST" skipped="0">
  <testcase classname="guvi.TestScenarios.LoginTest" name="LoginwithValidCredentials" time="15.008"/>
  <system-out/>
  <testcase classname="guvi.TestScenarios.LoginTest" name="LoginwithInValidCredentials" time="9.988"/>
  <system-out/>
</testsuite> <!-- guvi.TestScenarios.LoginTest -->
