<?xml version="1.0" encoding="UTF-8"?>
<!-- Generated by org.testng.reporters.JUnitReportReporter -->
<testsuite hostname="LAPTOP-RNK5APDU" failures="0" tests="1" name="guvi.TestScenarios.SelectFlightOnewayTripTest" time="18.518" errors="0" timestamp="2023-04-16T15:52:57 IST" skipped="0">
  <testcase classname="guvi.TestScenarios.SelectFlightOnewayTripTest" name="selectFlightforOneWay" time="18.518"/>
  <system-out/>
</testsuite> <!-- guvi.TestScenarios.SelectFlightOnewayTripTest -->
