<?xml version="1.0" encoding="UTF-8"?>
<!-- Generated by org.testng.reporters.JUnitReportReporter -->
<testsuite hostname="LAPTOP-RNK5APDU" failures="0" tests="1" name="guvi.TestScenarios.ValidateCheckInTest" time="10.181" errors="0" timestamp="2023-04-17T00:14:12 IST" skipped="0">
  <testcase classname="guvi.TestScenarios.ValidateCheckInTest" name="CheckInValidation" time="10.181"/>
  <system-out/>
</testsuite> <!-- guvi.TestScenarios.ValidateCheckInTest -->
