<?xml version="1.0" encoding="UTF-8"?>
<!-- Generated by org.testng.reporters.JUnitReportReporter -->
<testsuite hostname="LAPTOP-RNK5APDU" failures="0" tests="2" name="guvi.TestScenarios.LoginTest" time="23.132" errors="0" timestamp="2023-04-17T00:14:12 IST" skipped="0">
  <testcase classname="guvi.TestScenarios.LoginTest" name="LoginwithInValidCredentials" time="10.355"/>
  <system-out/>
  <testcase classname="guvi.TestScenarios.LoginTest" name="LoginwithValidCredentials" time="12.777"/>
  <system-out/>
</testsuite> <!-- guvi.TestScenarios.LoginTest -->
